#
# There is insufficient memory for the Java Runtime Environment to continue.
# Native memory allocation (malloc) failed to allocate 1176176 bytes for Chunk::new
# Possible reasons:
#   The system is out of physical RAM or swap space
#   In 32 bit mode, the process size limit was hit
# Possible solutions:
#   Reduce memory load on the system
#   Increase physical memory or swap space
#   Check if swap backing store is full
#   Use 64 bit Java on a 64 bit OS
#   Decrease Java heap size (-Xmx/-Xms)
#   Decrease number of Java threads
#   Decrease Java thread stack sizes (-Xss)
#   Set larger code cache with -XX:ReservedCodeCacheSize=
# This output file may be truncated or incomplete.
#
#  Out of Memory Error (allocation.cpp:390), pid=15760, tid=0x00000000000031cc
#
# JRE version: OpenJDK Runtime Environment (8.0_152-b01) (build 1.8.0_152-release-915-b01)
# Java VM: OpenJDK 64-Bit Server VM (25.152-b01 mixed mode windows-amd64 compressed oops)
# Failed to write core dump. Minidumps are not enabled by default on client versions of Windows
#

---------------  T H R E A D  ---------------

Current thread (0x0000000018d65800):  JavaThread "C2 CompilerThread2" daemon [_thread_in_native, id=12748, stack(0x0000000019720000,0x0000000019820000)]

Stack: [0x0000000019720000,0x0000000019820000]
[error occurred during error reporting (printing stack bounds), id 0xc0000005]

Native frames: (J=compiled Java code, j=interpreted, Vv=VM code, C=native code)


Current CompileTask:
C2:1638760 16073       4       com.android.utils.XmlUtils::append (540 bytes)


---------------  P R O C E S S  ---------------

Java Threads: ( => current thread )
  0x000000001a934800 JavaThread "stdout" daemon [_thread_in_native, id=15716, stack(0x000000002ce90000,0x000000002cf90000)]
  0x000000001a93a800 JavaThread "stderr" daemon [_thread_in_native, id=2416, stack(0x000000002cd90000,0x000000002ce90000)]
  0x000000001a933000 JavaThread "stdout" daemon [_thread_in_native, id=2988, stack(0x000000002cc90000,0x000000002cd90000)]
  0x000000001a93a000 JavaThread "stderr" daemon [_thread_in_native, id=14800, stack(0x000000002cb90000,0x000000002cc90000)]
  0x000000001a932800 JavaThread "stdout" daemon [_thread_in_native, id=20548, stack(0x000000002ca90000,0x000000002cb90000)]
  0x000000001a934000 JavaThread "stderr" daemon [_thread_in_native, id=6516, stack(0x000000002c990000,0x000000002ca90000)]
  0x000000001a939000 JavaThread "stdout" daemon [_thread_in_native, id=13032, stack(0x000000002c790000,0x000000002c890000)]
  0x0000000020784000 JavaThread "stderr" daemon [_thread_in_native, id=13864, stack(0x000000002c690000,0x000000002c790000)]
  0x0000000018e88000 JavaThread "stdout" daemon [_thread_in_native, id=15816, stack(0x000000002c590000,0x000000002c690000)]
  0x0000000018e86000 JavaThread "stderr" daemon [_thread_in_native, id=20616, stack(0x000000002c490000,0x000000002c590000)]
  0x0000000018e87000 JavaThread "stdout" daemon [_thread_in_native, id=5332, stack(0x000000002c390000,0x000000002c490000)]
  0x0000000018e84800 JavaThread "stderr" daemon [_thread_in_native, id=20248, stack(0x000000002c290000,0x000000002c390000)]
  0x0000000018e83000 JavaThread "stdout" daemon [_thread_in_native, id=5544, stack(0x000000002c190000,0x000000002c290000)]
  0x0000000018e84000 JavaThread "stderr" daemon [_thread_in_native, id=21320, stack(0x000000002c090000,0x000000002c190000)]
  0x0000000018e85800 JavaThread "stdout" daemon [_thread_in_native, id=15540, stack(0x000000002bf90000,0x000000002c090000)]
  0x0000000018e7b800 JavaThread "stderr" daemon [_thread_in_native, id=21252, stack(0x000000002be90000,0x000000002bf90000)]
  0x0000000018e81000 JavaThread "stdout" daemon [_thread_in_native, id=10148, stack(0x000000002bd90000,0x000000002be90000)]
  0x0000000018e82800 JavaThread "stderr" daemon [_thread_in_native, id=20668, stack(0x000000002bc90000,0x000000002bd90000)]
  0x0000000018e80000 JavaThread "stdout" daemon [_thread_in_native, id=17768, stack(0x000000002bb90000,0x000000002bc90000)]
  0x0000000018e81800 JavaThread "stderr" daemon [_thread_in_native, id=2968, stack(0x000000002ba90000,0x000000002bb90000)]
  0x0000000018e7d000 JavaThread "stdout" daemon [_thread_in_native, id=404, stack(0x000000002b990000,0x000000002ba90000)]
  0x0000000018e78800 JavaThread "stderr" daemon [_thread_in_native, id=14668, stack(0x000000002b890000,0x000000002b990000)]
  0x0000000018e7b000 JavaThread "stdout" daemon [_thread_in_native, id=17960, stack(0x000000002b790000,0x000000002b890000)]
  0x0000000018e7f800 JavaThread "stderr" daemon [_thread_in_native, id=15264, stack(0x000000002b690000,0x000000002b790000)]
  0x0000000018e7e800 JavaThread "stdout" daemon [_thread_in_native, id=20568, stack(0x000000002b590000,0x000000002b690000)]
  0x0000000018e7e000 JavaThread "stderr" daemon [_thread_in_native, id=15232, stack(0x000000002b490000,0x000000002b590000)]
  0x0000000018e79800 JavaThread "stdout" daemon [_thread_in_native, id=7876, stack(0x000000002b390000,0x000000002b490000)]
  0x0000000018e7a000 JavaThread "stderr" daemon [_thread_in_native, id=5960, stack(0x000000002b290000,0x000000002b390000)]
  0x0000000018e7c800 JavaThread "stdout" daemon [_thread_in_native, id=10580, stack(0x000000002b190000,0x000000002b290000)]
  0x00000000218a8000 JavaThread "stderr" daemon [_thread_in_native, id=4288, stack(0x000000002b090000,0x000000002b190000)]
  0x000000002078b800 JavaThread "stdout" daemon [_thread_in_native, id=19620, stack(0x000000002af90000,0x000000002b090000)]
  0x000000002078e000 JavaThread "stderr" daemon [_thread_in_native, id=13840, stack(0x000000002ae90000,0x000000002af90000)]
  0x000000002078b000 JavaThread "stdout" daemon [_thread_in_native, id=20460, stack(0x000000002ad90000,0x000000002ae90000)]
  0x000000002078d000 JavaThread "stderr" daemon [_thread_in_native, id=2600, stack(0x000000002ac90000,0x000000002ad90000)]
  0x000000002078a000 JavaThread "stdout" daemon [_thread_in_native, id=1968, stack(0x000000002ab90000,0x000000002ac90000)]
  0x0000000020790000 JavaThread "stderr" daemon [_thread_in_native, id=5480, stack(0x000000002aa90000,0x000000002ab90000)]
  0x000000002078f800 JavaThread "stdout" daemon [_thread_in_native, id=13756, stack(0x000000002a990000,0x000000002aa90000)]
  0x000000002078e800 JavaThread "stderr" daemon [_thread_in_native, id=6856, stack(0x000000002a890000,0x000000002a990000)]
  0x0000000020785800 JavaThread "stdout" daemon [_thread_in_native, id=7312, stack(0x000000002a790000,0x000000002a890000)]
  0x0000000020789800 JavaThread "stderr" daemon [_thread_in_native, id=21048, stack(0x000000002a690000,0x000000002a790000)]
  0x000000002078c800 JavaThread "stdout" daemon [_thread_in_native, id=15632, stack(0x000000002a590000,0x000000002a690000)]
  0x0000000020788800 JavaThread "stderr" daemon [_thread_in_native, id=19544, stack(0x000000002a490000,0x000000002a590000)]
  0x0000000020785000 JavaThread "stdout" daemon [_thread_in_native, id=14216, stack(0x000000002a390000,0x000000002a490000)]
  0x0000000020782800 JavaThread "stderr" daemon [_thread_in_native, id=12540, stack(0x000000002a290000,0x000000002a390000)]
  0x0000000020781000 JavaThread "stdout" daemon [_thread_in_native, id=13764, stack(0x000000002a190000,0x000000002a290000)]
  0x0000000020788000 JavaThread "stderr" daemon [_thread_in_native, id=15916, stack(0x000000002a090000,0x000000002a190000)]
  0x0000000020787000 JavaThread "stdout" daemon [_thread_in_native, id=16524, stack(0x0000000029e90000,0x0000000029f90000)]
  0x0000000020786800 JavaThread "stderr" daemon [_thread_in_native, id=8388, stack(0x0000000029d90000,0x0000000029e90000)]
  0x0000000020782000 JavaThread "png-cruncher_24" daemon [_thread_blocked, id=7524, stack(0x0000000029c90000,0x0000000029d90000)]
  0x0000000021f20800 JavaThread "png-cruncher_23" daemon [_thread_blocked, id=8424, stack(0x0000000029b90000,0x0000000029c90000)]
  0x0000000021f1f800 JavaThread "png-cruncher_22" daemon [_thread_blocked, id=16396, stack(0x0000000029a90000,0x0000000029b90000)]
  0x0000000021f1f000 JavaThread "png-cruncher_21" daemon [_thread_blocked, id=9640, stack(0x0000000029990000,0x0000000029a90000)]
  0x0000000021f1e000 JavaThread "png-cruncher_20" daemon [_thread_blocked, id=21112, stack(0x0000000029890000,0x0000000029990000)]
  0x0000000021f1c800 JavaThread "png-cruncher_19" daemon [_thread_blocked, id=4568, stack(0x0000000029790000,0x0000000029890000)]
  0x0000000021f1d800 JavaThread "png-cruncher_18" daemon [_thread_blocked, id=17940, stack(0x0000000029690000,0x0000000029790000)]
  0x0000000021f21000 JavaThread "png-cruncher_17" daemon [_thread_blocked, id=12720, stack(0x0000000029590000,0x0000000029690000)]
  0x0000000021f15000 JavaThread "png-cruncher_16" daemon [_thread_blocked, id=3908, stack(0x0000000029490000,0x0000000029590000)]
  0x0000000021f1c000 JavaThread "png-cruncher_15" daemon [_thread_blocked, id=18072, stack(0x0000000029390000,0x0000000029490000)]
  0x0000000021f1b000 JavaThread "png-cruncher_14" daemon [_thread_blocked, id=6540, stack(0x0000000029290000,0x0000000029390000)]
  0x0000000021f19000 JavaThread "png-cruncher_13" daemon [_thread_blocked, id=9084, stack(0x0000000029190000,0x0000000029290000)]
  0x0000000021f1a800 JavaThread "png-cruncher_12" daemon [_thread_blocked, id=16116, stack(0x0000000029090000,0x0000000029190000)]
  0x0000000021f13800 JavaThread "png-cruncher_11" daemon [_thread_blocked, id=9204, stack(0x0000000028f90000,0x0000000029090000)]
  0x0000000021f19800 JavaThread "png-cruncher_10" daemon [_thread_blocked, id=15696, stack(0x0000000028e90000,0x0000000028f90000)]
  0x0000000021f14000 JavaThread "png-cruncher_9" daemon [_thread_blocked, id=7248, stack(0x0000000028d90000,0x0000000028e90000)]
  0x0000000021f17800 JavaThread "png-cruncher_8" daemon [_thread_blocked, id=7552, stack(0x0000000028c90000,0x0000000028d90000)]
  0x0000000021f18000 JavaThread "png-cruncher_7" daemon [_thread_blocked, id=2692, stack(0x0000000028b90000,0x0000000028c90000)]
  0x0000000021f16800 JavaThread "png-cruncher_6" daemon [_thread_blocked, id=6524, stack(0x0000000028a90000,0x0000000028b90000)]
  0x0000000021f15800 JavaThread "png-cruncher_5" daemon [_thread_blocked, id=3152, stack(0x0000000028990000,0x0000000028a90000)]
  0x0000000021f12800 JavaThread "png-cruncher_4" daemon [_thread_blocked, id=9552, stack(0x0000000028890000,0x0000000028990000)]
  0x0000000021f12000 JavaThread "png-cruncher_3" daemon [_thread_blocked, id=13564, stack(0x0000000028790000,0x0000000028890000)]
  0x000000001a8de800 JavaThread "png-cruncher_2" daemon [_thread_blocked, id=15228, stack(0x0000000028690000,0x0000000028790000)]
  0x000000001a8e5000 JavaThread "png-cruncher_1" daemon [_thread_blocked, id=9052, stack(0x0000000028590000,0x0000000028690000)]
  0x000000001a8e4800 JavaThread "pool-6-thread-8" [_thread_blocked, id=15712, stack(0x0000000028490000,0x0000000028590000)]
  0x000000001a8e3800 JavaThread "pool-6-thread-7" [_thread_blocked, id=11876, stack(0x0000000028390000,0x0000000028490000)]
  0x000000001a8e3000 JavaThread "pool-6-thread-6" [_thread_blocked, id=12736, stack(0x0000000028290000,0x0000000028390000)]
  0x000000001a8e1800 JavaThread "pool-6-thread-5" [_thread_blocked, id=21448, stack(0x0000000028190000,0x0000000028290000)]
  0x000000001a8e0800 JavaThread "pool-6-thread-4" [_thread_blocked, id=5080, stack(0x0000000028090000,0x0000000028190000)]
  0x00000000218ab000 JavaThread "pool-6-thread-3" [_thread_blocked, id=11920, stack(0x0000000027f90000,0x0000000028090000)]
  0x00000000218b1800 JavaThread "pool-6-thread-2" [_thread_blocked, id=1740, stack(0x0000000027e90000,0x0000000027f90000)]
  0x00000000218aa000 JavaThread "pool-6-thread-1" [_thread_blocked, id=14952, stack(0x0000000027d90000,0x0000000027e90000)]
  0x00000000218ac800 JavaThread "Stdin handler" [_thread_blocked, id=13760, stack(0x0000000027c90000,0x0000000027d90000)]
  0x00000000218ae800 JavaThread "Asynchronous log dispatcher for org.gradle.launcher.daemon.server.DefaultDaemonConnection@789d2a23" [_thread_blocked, id=18412, stack(0x0000000027b90000,0x0000000027c90000)]
  0x00000000218b0000 JavaThread "Daemon worker Thread 3" [_thread_in_native, id=15840, stack(0x0000000027a90000,0x0000000027b90000)]
  0x00000000218ab800 JavaThread "Cancel handler" [_thread_blocked, id=644, stack(0x0000000027990000,0x0000000027a90000)]
  0x00000000218a2800 JavaThread "Handler for socket connection from /127.0.0.1:39076 to /127.0.0.1:39306" [_thread_in_native, id=14904, stack(0x0000000027890000,0x0000000027990000)]
  0x00000000218a8800 JavaThread "Daemon Thread 3" [_thread_blocked, id=19056, stack(0x0000000027790000,0x0000000027890000)]
  0x00000000218a5800 JavaThread "pool-3-thread-2" [_thread_blocked, id=13956, stack(0x0000000026c90000,0x0000000026d90000)]
  0x00000000218a3800 JavaThread "pool-3-thread-1" [_thread_blocked, id=10864, stack(0x0000000024370000,0x0000000024470000)]
  0x00000000218a4000 JavaThread "pool-2-thread-1" [_thread_blocked, id=19856, stack(0x0000000022880000,0x0000000022980000)]
  0x000000001a8df000 JavaThread "File lock request listener" [_thread_in_native, id=2144, stack(0x0000000022780000,0x0000000022880000)]
  0x000000001a8e2000 JavaThread "pool-1-thread-1" [_thread_blocked, id=17880, stack(0x000000001ba60000,0x000000001bb60000)]
  0x000000001a9c6800 JavaThread "Incoming local TCP Connector on port 39076" [_thread_in_native, id=13132, stack(0x000000001b630000,0x000000001b730000)]
  0x0000000018df1000 JavaThread "Service Thread" daemon [_thread_blocked, id=5264, stack(0x0000000019920000,0x0000000019a20000)]
  0x0000000016e6e000 JavaThread "C1 CompilerThread3" daemon [_thread_blocked, id=14624, stack(0x0000000019820000,0x0000000019920000)]
=>0x0000000018d65800 JavaThread "C2 CompilerThread2" daemon [_thread_in_native, id=12748, stack(0x0000000019720000,0x0000000019820000)]
  0x0000000018d61000 JavaThread "C2 CompilerThread1" daemon [_thread_in_native, id=12396, stack(0x0000000019620000,0x0000000019720000)]
  0x0000000018d5d800 JavaThread "C2 CompilerThread0" daemon [_thread_in_native, id=15332, stack(0x0000000019520000,0x0000000019620000)]
  0x0000000018d5a800 JavaThread "Attach Listener" daemon [_thread_blocked, id=11856, stack(0x0000000019420000,0x0000000019520000)]
  0x0000000018d59000 JavaThread "Signal Dispatcher" daemon [_thread_blocked, id=15688, stack(0x0000000019320000,0x0000000019420000)]
  0x0000000002fa9000 JavaThread "Finalizer" daemon [_thread_blocked, id=16408, stack(0x0000000019130000,0x0000000019230000)]
  0x0000000016e5b000 JavaThread "Reference Handler" daemon [_thread_blocked, id=17556, stack(0x0000000018c30000,0x0000000018d30000)]
  0x000000000309e000 JavaThread "main" [_thread_blocked, id=17540, stack(0x0000000002d20000,0x0000000002e20000)]

Other Threads:
  0x0000000016e55000 VMThread [stack: 0x0000000018b30000,0x0000000018c30000] [id=14664]
  0x0000000018df2000 WatcherThread [stack: 0x0000000019a20000,0x0000000019b20000] [id=21388]

VM state:not at safepoint (normal execution)

VM Mutex/Monitor currently owned by a thread: None

Heap:
 PSYoungGen      total 429568K, used 328800K [0x00000000e0000000, 0x00000000fd780000, 0x0000000100000000)
  eden space 388608K, 79% used [0x00000000e0000000,0x00000000f2f1ef78,0x00000000f7b80000)
  from space 40960K, 44% used [0x00000000faf80000,0x00000000fc179300,0x00000000fd780000)
  to   space 47104K, 0% used [0x00000000f7b80000,0x00000000f7b80000,0x00000000fa980000)
 ParOldGen       total 229376K, used 43775K [0x00000000a0000000, 0x00000000ae000000, 0x00000000e0000000)
  object space 229376K, 19% used [0x00000000a0000000,0x00000000a2abfc70,0x00000000ae000000)
 Metaspace       used 65105K, capacity 67152K, committed 67328K, reserved 1107968K
  class space    used 8264K, capacity 8676K, committed 8704K, reserved 1048576K

Card table byte_map: [0x0000000012460000,0x0000000012770000] byte_map_base: 0x0000000011f60000

Marking Bits: (ParMarkBitMap*) 0x0000000058e43950
 Begin Bits: [0x0000000013170000, 0x0000000014970000)
 End Bits:   [0x0000000014970000, 0x0000000016170000)

Polling page: 0x00000000014f0000

CodeCache: size=245760Kb used=42975Kb max_used=44931Kb free=202784Kb
 bounds [0x00000000030a0000, 0x0000000005ce0000, 0x00000000120a0000]
 total_blobs=12985 nmethods=12241 adapters=655
 compilation: enabled

Compilation events (10 events):
Event: 1638.411 Thread 0x0000000018d61000 nmethod 16065 0x0000000003aaa410 code [0x0000000003aaa5c0, 0x0000000003aaad28]
Event: 1638.411 Thread 0x0000000018d61000 16068       4       com.sun.org.apache.xerces.internal.dom.CoreDocumentImpl::createElement (47 bytes)
Event: 1638.415 Thread 0x0000000016e6e000 16071       3       com.android.utils.XmlUtils::append (540 bytes)
Event: 1638.416 Thread 0x0000000018d61000 nmethod 16068 0x000000000593c410 code [0x000000000593c560, 0x000000000593c918]
Event: 1638.416 Thread 0x0000000018d61000 16070       4       com.android.ide.common.res2.ResourceItem::getDetailsXml (9 bytes)
Event: 1638.418 Thread 0x0000000016e6e000 nmethod 16071 0x0000000005b17fd0 code [0x0000000005b18580, 0x0000000005b1b218]
Event: 1638.427 Thread 0x0000000016e6e000 16074       3       com.android.utils.XmlUtils::appendXmlTextValue (76 bytes)
Event: 1638.428 Thread 0x0000000016e6e000 nmethod 16074 0x000000000340ab90 code [0x000000000340adc0, 0x000000000340bbc8]
Event: 1638.433 Thread 0x0000000018d65800 nmethod 16042% 0x000000000453c050 code [0x000000000453c500, 0x000000000453f030]
Event: 1638.433 Thread 0x0000000018d65800 16073       4       com.android.utils.XmlUtils::append (540 bytes)

GC Heap History (10 events):
Event: 342.523 GC heap before
{Heap before GC invocations=31 (full 4):
 PSYoungGen      total 281088K, used 277664K [0x00000000e0000000, 0x00000000f5500000, 0x0000000100000000)
  eden space 244736K, 100% used [0x00000000e0000000,0x00000000eef00000,0x00000000eef00000)
  from space 36352K, 90% used [0x00000000f3180000,0x00000000f51a8000,0x00000000f5500000)
  to   space 52224K, 0% used [0x00000000eef00000,0x00000000eef00000,0x00000000f2200000)
 ParOldGen       total 229376K, used 105597K [0x00000000a0000000, 0x00000000ae000000, 0x00000000e0000000)
  object space 229376K, 46% used [0x00000000a0000000,0x00000000a671f7c0,0x00000000ae000000)
 Metaspace       used 61405K, capacity 63128K, committed 63360K, reserved 1103872K
  class space    used 7928K, capacity 8300K, committed 8320K, reserved 1048576K
Event: 342.544 GC heap after
Heap after GC invocations=31 (full 4):
 PSYoungGen      total 296960K, used 18880K [0x00000000e0000000, 0x00000000f9180000, 0x0000000100000000)
  eden space 244736K, 0% used [0x00000000e0000000,0x00000000e0000000,0x00000000eef00000)
  from space 52224K, 36% used [0x00000000eef00000,0x00000000f0170000,0x00000000f2200000)
  to   space 50176K, 0% used [0x00000000f6080000,0x00000000f6080000,0x00000000f9180000)
 ParOldGen       total 229376K, used 123563K [0x00000000a0000000, 0x00000000ae000000, 0x00000000e0000000)
  object space 229376K, 53% used [0x00000000a0000000,0x00000000a78aaeb8,0x00000000ae000000)
 Metaspace       used 61405K, capacity 63128K, committed 63360K, reserved 1103872K
  class space    used 7928K, capacity 8300K, committed 8320K, reserved 1048576K
}
Event: 371.973 GC heap before
{Heap before GC invocations=32 (full 4):
 PSYoungGen      total 296960K, used 248683K [0x00000000e0000000, 0x00000000f9180000, 0x0000000100000000)
  eden space 244736K, 93% used [0x00000000e0000000,0x00000000ee06aea8,0x00000000eef00000)
  from space 52224K, 36% used [0x00000000eef00000,0x00000000f0170000,0x00000000f2200000)
  to   space 50176K, 0% used [0x00000000f6080000,0x00000000f6080000,0x00000000f9180000)
 ParOldGen       total 229376K, used 123563K [0x00000000a0000000, 0x00000000ae000000, 0x00000000e0000000)
  object space 229376K, 53% used [0x00000000a0000000,0x00000000a78aaeb8,0x00000000ae000000)
 Metaspace       used 62125K, capacity 63874K, committed 64000K, reserved 1105920K
  class space    used 8049K, capacity 8437K, committed 8448K, reserved 1048576K
Event: 371.996 GC heap after
Heap after GC invocations=32 (full 4):
 PSYoungGen      total 357888K, used 18053K [0x00000000e0000000, 0x00000000f8e80000, 0x0000000100000000)
  eden space 310784K, 0% used [0x00000000e0000000,0x00000000e0000000,0x00000000f2f80000)
  from space 47104K, 38% used [0x00000000f6080000,0x00000000f7221550,0x00000000f8e80000)
  to   space 48640K, 0% used [0x00000000f2f80000,0x00000000f2f80000,0x00000000f5f00000)
 ParOldGen       total 229376K, used 127131K [0x00000000a0000000, 0x00000000ae000000, 0x00000000e0000000)
  object space 229376K, 55% used [0x00000000a0000000,0x00000000a7c26eb8,0x00000000ae000000)
 Metaspace       used 62125K, capacity 63874K, committed 64000K, reserved 1105920K
  class space    used 8049K, capacity 8437K, committed 8448K, reserved 1048576K
}
Event: 371.996 GC heap before
{Heap before GC invocations=33 (full 5):
 PSYoungGen      total 357888K, used 18053K [0x00000000e0000000, 0x00000000f8e80000, 0x0000000100000000)
  eden space 310784K, 0% used [0x00000000e0000000,0x00000000e0000000,0x00000000f2f80000)
  from space 47104K, 38% used [0x00000000f6080000,0x00000000f7221550,0x00000000f8e80000)
  to   space 48640K, 0% used [0x00000000f2f80000,0x00000000f2f80000,0x00000000f5f00000)
 ParOldGen       total 229376K, used 127131K [0x00000000a0000000, 0x00000000ae000000, 0x00000000e0000000)
  object space 229376K, 55% used [0x00000000a0000000,0x00000000a7c26eb8,0x00000000ae000000)
 Metaspace       used 62125K, capacity 63874K, committed 64000K, reserved 1105920K
  class space    used 8049K, capacity 8437K, committed 8448K, reserved 1048576K
Event: 372.177 GC heap after
Heap after GC invocations=33 (full 5):
 PSYoungGen      total 357888K, used 0K [0x00000000e0000000, 0x00000000f8e80000, 0x0000000100000000)
  eden space 310784K, 0% used [0x00000000e0000000,0x00000000e0000000,0x00000000f2f80000)
  from space 47104K, 0% used [0x00000000f6080000,0x00000000f6080000,0x00000000f8e80000)
  to   space 48640K, 0% used [0x00000000f2f80000,0x00000000f2f80000,0x00000000f5f00000)
 ParOldGen       total 229376K, used 43759K [0x00000000a0000000, 0x00000000ae000000, 0x00000000e0000000)
  object space 229376K, 19% used [0x00000000a0000000,0x00000000a2abbc70,0x00000000ae000000)
 Metaspace       used 62125K, capacity 63874K, committed 64000K, reserved 1105920K
  class space    used 8049K, capacity 8437K, committed 8448K, reserved 1048576K
}
Event: 1601.291 GC heap before
{Heap before GC invocations=34 (full 5):
 PSYoungGen      total 357888K, used 310784K [0x00000000e0000000, 0x00000000f8e80000, 0x0000000100000000)
  eden space 310784K, 100% used [0x00000000e0000000,0x00000000f2f80000,0x00000000f2f80000)
  from space 47104K, 0% used [0x00000000f6080000,0x00000000f6080000,0x00000000f8e80000)
  to   space 48640K, 0% used [0x00000000f2f80000,0x00000000f2f80000,0x00000000f5f00000)
 ParOldGen       total 229376K, used 43759K [0x00000000a0000000, 0x00000000ae000000, 0x00000000e0000000)
  object space 229376K, 19% used [0x00000000a0000000,0x00000000a2abbc70,0x00000000ae000000)
 Metaspace       used 62748K, capacity 64746K, committed 64896K, reserved 1105920K
  class space    used 8082K, capacity 8483K, committed 8576K, reserved 1048576K
Event: 1601.299 GC heap after
Heap after GC invocations=34 (full 5):
 PSYoungGen      total 359424K, used 3600K [0x00000000e0000000, 0x00000000fe000000, 0x0000000100000000)
  eden space 310784K, 0% used [0x00000000e0000000,0x00000000e0000000,0x00000000f2f80000)
  from space 48640K, 7% used [0x00000000f2f80000,0x00000000f3304030,0x00000000f5f00000)
  to   space 49664K, 0% used [0x00000000faf80000,0x00000000faf80000,0x00000000fe000000)
 ParOldGen       total 229376K, used 43767K [0x00000000a0000000, 0x00000000ae000000, 0x00000000e0000000)
  object space 229376K, 19% used [0x00000000a0000000,0x00000000a2abdc70,0x00000000ae000000)
 Metaspace       used 62748K, capacity 64746K, committed 64896K, reserved 1105920K
  class space    used 8082K, capacity 8483K, committed 8576K, reserved 1048576K
}
Event: 1628.402 GC heap before
{Heap before GC invocations=35 (full 5):
 PSYoungGen      total 359424K, used 314384K [0x00000000e0000000, 0x00000000fe000000, 0x0000000100000000)
  eden space 310784K, 100% used [0x00000000e0000000,0x00000000f2f80000,0x00000000f2f80000)
  from space 48640K, 7% used [0x00000000f2f80000,0x00000000f3304030,0x00000000f5f00000)
  to   space 49664K, 0% used [0x00000000faf80000,0x00000000faf80000,0x00000000fe000000)
 ParOldGen       total 229376K, used 43767K [0x00000000a0000000, 0x00000000ae000000, 0x00000000e0000000)
  object space 229376K, 19% used [0x00000000a0000000,0x00000000a2abdc70,0x00000000ae000000)
 Metaspace       used 64265K, capacity 66318K, committed 66560K, reserved 1107968K
  class space    used 8210K, capacity 8639K, committed 8704K, reserved 1048576K
Event: 1628.419 GC heap after
Heap after GC invocations=35 (full 5):
 PSYoungGen      total 429568K, used 18404K [0x00000000e0000000, 0x00000000fd780000, 0x0000000100000000)
  eden space 388608K, 0% used [0x00000000e0000000,0x00000000e0000000,0x00000000f7b80000)
  from space 40960K, 44% used [0x00000000faf80000,0x00000000fc179300,0x00000000fd780000)
  to   space 47104K, 0% used [0x00000000f7b80000,0x00000000f7b80000,0x00000000fa980000)
 ParOldGen       total 229376K, used 43775K [0x00000000a0000000, 0x00000000ae000000, 0x00000000e0000000)
  object space 229376K, 19% used [0x00000000a0000000,0x00000000a2abfc70,0x00000000ae000000)
 Metaspace       used 64265K, capacity 66318K, committed 66560K, reserved 1107968K
  class space    used 8210K, capacity 8639K, committed 8704K, reserved 1048576K
}

Deoptimization events (10 events):
Event: 1638.393 Thread 0x00000000218b0000 Uncommon trap: reason=unstable_if action=reinterpret pc=0x00000000044a7384 method=com.google.common.collect.AbstractMapBasedMultimap$WrappedCollection.refreshIfEmpty()V @ 45
Event: 1638.393 Thread 0x00000000218b0000 Uncommon trap: reason=unstable_if action=reinterpret pc=0x0000000005bd1d00 method=com.google.common.collect.AbstractMapBasedMultimap$WrappedCollection.refreshIfEmpty()V @ 45
Event: 1638.396 Thread 0x00000000218b0000 Uncommon trap: reason=unstable_if action=reinterpret pc=0x0000000005b9238c method=com.sun.org.apache.xerces.internal.dom.ParentNode.checkNormalizationAfterInsert(Lcom/sun/org/apache/xerces/internal/dom/ChildNode;)V @ 27
Event: 1638.396 Thread 0x00000000218b0000 Uncommon trap: reason=unstable_if action=reinterpret pc=0x0000000005b8ec08 method=com.sun.org.apache.xerces.internal.dom.ParentNode.checkNormalizationAfterInsert(Lcom/sun/org/apache/xerces/internal/dom/ChildNode;)V @ 27
Event: 1638.403 Thread 0x00000000218b0000 Uncommon trap: reason=null_check action=make_not_entrant pc=0x0000000005b9d0fc method=com.sun.org.apache.xerces.internal.dom.NamedNodeMapImpl.findNamePoint(Ljava/lang/String;Ljava/lang/String;)I @ 105
Event: 1638.415 Thread 0x00000000218b0000 Uncommon trap: reason=unstable_if action=reinterpret pc=0x0000000005c6c2b0 method=com.android.utils.XmlUtils.append(Lcom/android/utils/XmlUtils$PositionAwareStringBuilder;Lorg/w3c/dom/Node;Ljava/util/Map;)V @ 450
Event: 1638.415 Thread 0x00000000218b0000 Uncommon trap: reason=unstable_if action=reinterpret pc=0x0000000005c6c2b0 method=com.android.utils.XmlUtils.append(Lcom/android/utils/XmlUtils$PositionAwareStringBuilder;Lorg/w3c/dom/Node;Ljava/util/Map;)V @ 450
Event: 1638.428 Thread 0x00000000218b0000 Uncommon trap: reason=unstable_if action=reinterpret pc=0x0000000005c6c2b0 method=com.android.utils.XmlUtils.append(Lcom/android/utils/XmlUtils$PositionAwareStringBuilder;Lorg/w3c/dom/Node;Ljava/util/Map;)V @ 450
Event: 1638.430 Thread 0x00000000218b0000 Uncommon trap: reason=class_check action=maybe_recompile pc=0x0000000003ab2a3c method=java.io.Writer.append(Ljava/lang/CharSequence;)Ljava/io/Writer; @ 20
Event: 1638.465 Thread 0x00000000218b0000 Uncommon trap: reason=null_check action=make_not_entrant pc=0x00000000045a36d0 method=java.lang.ThreadLocal$ThreadLocalMap.set(Ljava/lang/ThreadLocal;Ljava/lang/Object;)V @ 36

Classes redefined (0 events):
No events

Internal exceptions (10 events):
Event: 1629.150 Thread 0x00000000218b0000 Implicit null exception at 0x0000000005b1bce7 to 0x0000000005b1c86d
Event: 1629.239 Thread 0x00000000218b0000 Implicit null exception at 0x0000000005b18175 to 0x0000000005b19d9d
Event: 1629.248 Thread 0x00000000218b0000 Implicit null exception at 0x0000000005b1efd6 to 0x0000000005b20c25
Event: 1629.367 Thread 0x00000000218b0000 Implicit null exception at 0x0000000005bdc897 to 0x0000000005bdcbdd
Event: 1638.393 Thread 0x00000000218b0000 Implicit null exception at 0x0000000005badb9a to 0x0000000005badef1
Event: 1638.403 Thread 0x00000000218b0000 Implicit null exception at 0x0000000005b9c48c to 0x0000000005b9d0d7
Event: 1638.415 Thread 0x00000000218b0000 Implicit null exception at 0x0000000005c6dda4 to 0x0000000005c6c291
Event: 1638.415 Thread 0x00000000218b0000 Implicit null exception at 0x0000000005c6dda4 to 0x0000000005c6c291
Event: 1638.428 Thread 0x00000000218b0000 Implicit null exception at 0x0000000005c6dda4 to 0x0000000005c6c291
Event: 1638.465 Thread 0x00000000218b0000 Implicit null exception at 0x00000000045a348a to 0x00000000045a36a5

Events (10 events):
Event: 1638.415 Thread 0x00000000218b0000 DEOPT UNPACKING pc=0x00000000030e556a sp=0x0000000027b8bcc8 mode 2
Event: 1638.428 Thread 0x00000000218b0000 Uncommon trap: trap_request=0xffffff65 fr.pc=0x0000000005c6c2b0
Event: 1638.428 Thread 0x00000000218b0000 DEOPT PACKING pc=0x0000000005c6c2b0 sp=0x0000000027b8bdc0
Event: 1638.428 Thread 0x00000000218b0000 DEOPT UNPACKING pc=0x00000000030e556a sp=0x0000000027b8bdb8 mode 2
Event: 1638.430 Thread 0x00000000218b0000 Uncommon trap: trap_request=0xffffffde fr.pc=0x0000000003ab2a3c
Event: 1638.430 Thread 0x00000000218b0000 DEOPT PACKING pc=0x0000000003ab2a3c sp=0x0000000027b8bf00
Event: 1638.430 Thread 0x00000000218b0000 DEOPT UNPACKING pc=0x00000000030e556a sp=0x0000000027b8bf00 mode 2
Event: 1638.465 Thread 0x00000000218b0000 Uncommon trap: trap_request=0xfffffff4 fr.pc=0x00000000045a36d0
Event: 1638.465 Thread 0x00000000218b0000 DEOPT PACKING pc=0x00000000045a36d0 sp=0x0000000027b8c4d0
Event: 1638.465 Thread 0x00000000218b0000 DEOPT UNPACKING pc=0x00000000030e556a sp=0x0000000027b8c458 mode 2


Dynamic libraries:
0x00007ff6b4380000 - 0x00007ff6b43b1000 	C:\Program Files\Android\Android Studio\jre\bin\java.exe
0x00007ff980490000 - 0x00007ff98066b000 	C:\WINDOWS\SYSTEM32\ntdll.dll
0x00007ff97e0e0000 - 0x00007ff97e18e000 	C:\WINDOWS\System32\KERNEL32.DLL
0x00007ff97ce40000 - 0x00007ff97d089000 	C:\WINDOWS\System32\KERNELBASE.dll
0x00007ff97e190000 - 0x00007ff97e231000 	C:\WINDOWS\System32\ADVAPI32.dll
0x00007ff97e760000 - 0x00007ff97e7fd000 	C:\WINDOWS\System32\msvcrt.dll
0x00007ff97e450000 - 0x00007ff97e4a9000 	C:\WINDOWS\System32\sechost.dll
0x00007ff97e800000 - 0x00007ff97e925000 	C:\WINDOWS\System32\RPCRT4.dll
0x00007ff97e260000 - 0x00007ff97e3aa000 	C:\WINDOWS\System32\USER32.dll
0x00007ff97cbe0000 - 0x00007ff97cbfe000 	C:\WINDOWS\System32\win32u.dll
0x00007ff97d9f0000 - 0x00007ff97da17000 	C:\WINDOWS\System32\GDI32.dll
0x00007ff97cc00000 - 0x00007ff97cd87000 	C:\WINDOWS\System32\gdi32full.dll
0x00007ff97d790000 - 0x00007ff97d82a000 	C:\WINDOWS\System32\msvcp_win.dll
0x00007ff97d8f0000 - 0x00007ff97d9e6000 	C:\WINDOWS\System32\ucrtbase.dll
0x00007ff96f620000 - 0x00007ff96f887000 	C:\WINDOWS\WinSxS\amd64_microsoft.windows.common-controls_6595b64144ccf1df_6.0.15063.483_none_26002d27e7c744a2\COMCTL32.dll
0x00007ff9800a0000 - 0x00007ff980399000 	C:\WINDOWS\System32\combase.dll
0x00007ff97d880000 - 0x00007ff97d8ea000 	C:\WINDOWS\System32\bcryptPrimitives.dll
0x00007ff97da20000 - 0x00007ff97da4d000 	C:\WINDOWS\System32\IMM32.DLL
0x00000000585a0000 - 0x0000000058672000 	C:\Program Files\Android\Android Studio\jre\jre\bin\msvcr100.dll
0x0000000058680000 - 0x0000000058ebe000 	C:\Program Files\Android\Android Studio\jre\jre\bin\server\jvm.dll
0x00007ff97e0d0000 - 0x00007ff97e0d8000 	C:\WINDOWS\System32\PSAPI.DLL
0x00007ff97adc0000 - 0x00007ff97ade3000 	C:\WINDOWS\SYSTEM32\WINMM.dll
0x00007ff971070000 - 0x00007ff971079000 	C:\WINDOWS\SYSTEM32\WSOCK32.dll
0x00007ff9731c0000 - 0x00007ff9731ca000 	C:\WINDOWS\SYSTEM32\VERSION.dll
0x00007ff97dc20000 - 0x00007ff97dc8c000 	C:\WINDOWS\System32\WS2_32.dll
0x00007ff97ad60000 - 0x00007ff97ad8b000 	C:\WINDOWS\SYSTEM32\WINMMBASE.dll
0x00007ff97d830000 - 0x00007ff97d879000 	C:\WINDOWS\System32\cfgmgr32.dll
0x00007ff972a70000 - 0x00007ff972a7f000 	C:\Program Files\Android\Android Studio\jre\jre\bin\verify.dll
0x00007ff958db0000 - 0x00007ff958dd9000 	C:\Program Files\Android\Android Studio\jre\jre\bin\java.dll
0x00007ff958b90000 - 0x00007ff958ba6000 	C:\Program Files\Android\Android Studio\jre\jre\bin\zip.dll
0x00007ff97e940000 - 0x00007ff97fd77000 	C:\WINDOWS\System32\SHELL32.dll
0x00007ff97e4b0000 - 0x00007ff97e55a000 	C:\WINDOWS\System32\shcore.dll
0x00007ff97d090000 - 0x00007ff97d781000 	C:\WINDOWS\System32\windows.storage.dll
0x00007ff980430000 - 0x00007ff980481000 	C:\WINDOWS\System32\shlwapi.dll
0x00007ff97c940000 - 0x00007ff97c951000 	C:\WINDOWS\System32\kernel.appcore.dll
0x00007ff97c960000 - 0x00007ff97c9ac000 	C:\WINDOWS\System32\powrprof.dll
0x00007ff97c900000 - 0x00007ff97c915000 	C:\WINDOWS\System32\profapi.dll
0x00007ff958b70000 - 0x00007ff958b8a000 	C:\Program Files\Android\Android Studio\jre\jre\bin\net.dll
0x00007ff97c210000 - 0x00007ff97c26c000 	C:\WINDOWS\system32\mswsock.dll
0x00007ff958b50000 - 0x00007ff958b61000 	C:\Program Files\Android\Android Studio\jre\jre\bin\nio.dll
0x00007ff959cc0000 - 0x00007ff959cd2000 	C:\Users\Syed Abbas Ali\.gradle\native\19\windows-amd64\native-platform.dll
0x00007ff97c3b0000 - 0x00007ff97c3c7000 	C:\WINDOWS\SYSTEM32\CRYPTSP.dll
0x00007ff97be30000 - 0x00007ff97be64000 	C:\WINDOWS\system32\rsaenh.dll
0x00007ff97c4c0000 - 0x00007ff97c4e5000 	C:\WINDOWS\SYSTEM32\bcrypt.dll
0x00007ff97c830000 - 0x00007ff97c859000 	C:\WINDOWS\SYSTEM32\USERENV.dll
0x00007ff97c3d0000 - 0x00007ff97c3db000 	C:\WINDOWS\SYSTEM32\CRYPTBASE.dll
0x00007ff97bfb0000 - 0x00007ff97bfe7000 	C:\WINDOWS\SYSTEM32\IPHLPAPI.DLL
0x00007ff980420000 - 0x00007ff980428000 	C:\WINDOWS\System32\NSI.dll
0x00007ff975fc0000 - 0x00007ff975fd6000 	C:\WINDOWS\SYSTEM32\dhcpcsvc6.DLL
0x00007ff975fa0000 - 0x00007ff975fba000 	C:\WINDOWS\SYSTEM32\dhcpcsvc.DLL
0x00007ff96fd10000 - 0x00007ff96fd1d000 	C:\Program Files\Android\Android Studio\jre\jre\bin\management.dll

VM Arguments:
jvm_args: -Xmx1536m -Dfile.encoding=windows-1252 -Duser.country=GB -Duser.language=en -Duser.variant 
java_command: org.gradle.launcher.daemon.bootstrap.GradleDaemon 2.14.1
java_class_path (initial): C:\Users\Syed Abbas Ali\.gradle\wrapper\dists\gradle-2.14.1-all\8bnwg5hd3w55iofp58khbp6yv\gradle-2.14.1\lib\gradle-launcher-2.14.1.jar
Launcher Type: SUN_STANDARD

Environment Variables:
PATH=C:\ProgramData\Oracle\Java\javapath;C:\Program Files (x86)\Intel\iCLS Client\;C:\Program Files\Intel\iCLS Client\;C:\windows\system32;C:\windows;C:\windows\System32\Wbem;C:\windows\System32\WindowsPowerShell\v1.0\;C:\WINDOWS\system32;C:\WINDOWS;C:\WINDOWS\System32\Wbem;C:\WINDOWS\System32\WindowsPowerShell\v1.0\;C:\Program Files (x86)\Intel\Intel(R) Management Engine Components\DAL;C:\Program Files\Intel\Intel(R) Management Engine Components\DAL;C:\Program Files (x86)\Intel\Intel(R) Management Engine Components\IPT;C:\Program Files\Intel\Intel(R) Management Engine Components\IPT;C:\Program Files\Git\cmd;C:\Users\Syed Abbas Ali\.dnx\bin;C:\Program Files\Microsoft DNX\Dnvm\;C:\Program Files\Microsoft SQL Server\120\Tools\Binn\;C:\Program Files\Microsoft SQL Server\130\Tools\Binn\;C:\Program Files\Microsoft SQL Server\110\DTS\Binn\;C:\Program Files (x86)\Microsoft SQL Server\110\Tools\Binn\;C:\Program Files\Microsoft SQL Server\110\Tools\Binn\;C:\Program Files (x86)\Microsoft SQL Server\110\Tools\Binn\ManagementStudio\;C:\Program Files (x86)\Microsoft Visual Studio 10.0\Common7\IDE\PrivateAssemblies\;C:\Program Files (x86)\Microsoft SQL Server\110\DTS\Binn\;C:\Program Files\OpenSSH\bin;C:\Program Files (x86)\NVIDIA Corporation\PhysX\Common;C:\Program Files\Intel\WiFi\bin\;C:\Program Files\Common Files\Intel\WirelessCommon\;C:\Users\Syed Abbas Ali\AppData\Local\Microsoft\WindowsApps;C:\Users\Syed Abbas Ali\AppData\Local\GitHubDesktop\bin
USERNAME=Syed Abbas Ali
OS=Windows_NT
PROCESSOR_IDENTIFIER=Intel64 Family 6 Model 94 Stepping 3, GenuineIntel



---------------  S Y S T E M  ---------------

OS: Windows 10.0 , 64 bit Build 15063 (10.0.15063.296)

CPU:total 8 (initial active 8) (4 cores per cpu, 2 threads per core) family 6 model 94 stepping 3, cmov, cx8, fxsr, mmx, sse, sse2, sse3, ssse3, sse4.1, sse4.2, popcnt, avx, avx2, aes, clmul, erms, rtm, 3dnowpref, lzcnt, ht, tsc, tscinvbit, bmi1, bmi2, adx

Memory: 4k page, physical 8275744k(808080k free), swap 13425384k(4708k free)

vm_info: OpenJDK 64-Bit Server VM (25.152-b01) for windows-amd64 JRE (1.8.0_152-release-915-b01), built by "builder" with MS VC++ 10.0 (VS2010)

time: Mon Dec 11 03:24:59 2017
elapsed time: 1638 seconds (0d 0h 27m 18s)

