#
# There is insufficient memory for the Java Runtime Environment to continue.
# Native memory allocation (malloc) failed to allocate 891616 bytes for Chunk::new
# Possible reasons:
#   The system is out of physical RAM or swap space
#   In 32 bit mode, the process size limit was hit
# Possible solutions:
#   Reduce memory load on the system
#   Increase physical memory or swap space
#   Check if swap backing store is full
#   Use 64 bit Java on a 64 bit OS
#   Decrease Java heap size (-Xmx/-Xms)
#   Decrease number of Java threads
#   Decrease Java thread stack sizes (-Xss)
#   Set larger code cache with -XX:ReservedCodeCacheSize=
# This output file may be truncated or incomplete.
#
#  Out of Memory Error (allocation.cpp:390), pid=12520, tid=0x0000000000003ef0
#
# JRE version: OpenJDK Runtime Environment (8.0_152-b01) (build 1.8.0_152-release-915-b01)
# Java VM: OpenJDK 64-Bit Server VM (25.152-b01 mixed mode windows-amd64 compressed oops)
# Failed to write core dump. Minidumps are not enabled by default on client versions of Windows
#

---------------  T H R E A D  ---------------

Current thread (0x000000001c23b800):  JavaThread "C2 CompilerThread1" daemon [_thread_in_native, id=16112, stack(0x000000001cb00000,0x000000001cc00000)]

Stack: [0x000000001cb00000,0x000000001cc00000]
[error occurred during error reporting (printing stack bounds), id 0xc0000005]

Native frames: (J=compiled Java code, j=interpreted, Vv=VM code, C=native code)


Current CompileTask:
C2:   8675 2700   !   4       com.android.dx.cf.code.RopperMachine::run (1608 bytes)


---------------  P R O C E S S  ---------------

Java Threads: ( => current thread )
  0x000000001d03f800 JavaThread "pool-2-thread-4" [_thread_in_Java, id=13116, stack(0x000000001ebd0000,0x000000001ecd0000)]
  0x000000001d03d000 JavaThread "pool-2-thread-3" [_thread_in_Java, id=6460, stack(0x000000001ead0000,0x000000001ebd0000)]
  0x000000001d03c000 JavaThread "pool-2-thread-2" [_thread_in_Java, id=17732, stack(0x000000001e9d0000,0x000000001ead0000)]
  0x000000001d477000 JavaThread "pool-3-thread-1" [_thread_blocked, id=14180, stack(0x000000001e8d0000,0x000000001e9d0000)]
  0x000000001d476000 JavaThread "pool-2-thread-1" [_thread_blocked, id=264, stack(0x000000001e7d0000,0x000000001e8d0000)]
  0x000000001c2d0000 JavaThread "Service Thread" daemon [_thread_blocked, id=8968, stack(0x000000001ce00000,0x000000001cf00000)]
  0x000000001c247000 JavaThread "C1 CompilerThread3" daemon [_thread_blocked, id=15120, stack(0x000000001cd00000,0x000000001ce00000)]
  0x000000001c241000 JavaThread "C2 CompilerThread2" daemon [_thread_in_native, id=15656, stack(0x000000001cc00000,0x000000001cd00000)]
=>0x000000001c23b800 JavaThread "C2 CompilerThread1" daemon [_thread_in_native, id=16112, stack(0x000000001cb00000,0x000000001cc00000)]
  0x000000001c238800 JavaThread "C2 CompilerThread0" daemon [_thread_in_native, id=2432, stack(0x000000001ca00000,0x000000001cb00000)]
  0x000000001c245800 JavaThread "Attach Listener" daemon [_thread_blocked, id=20536, stack(0x000000001c900000,0x000000001ca00000)]
  0x000000001c244000 JavaThread "Signal Dispatcher" daemon [_thread_blocked, id=15184, stack(0x000000001c800000,0x000000001c900000)]
  0x0000000002d89800 JavaThread "Finalizer" daemon [_thread_blocked, id=5960, stack(0x000000001c610000,0x000000001c710000)]
  0x0000000002d86000 JavaThread "Reference Handler" daemon [_thread_blocked, id=15968, stack(0x000000001c110000,0x000000001c210000)]
  0x0000000002c92800 JavaThread "main" [_thread_blocked, id=6048, stack(0x0000000002b90000,0x0000000002c90000)]

Other Threads:
  0x000000001a345000 VMThread [stack: 0x000000001c010000,0x000000001c110000] [id=12056]
  0x000000001c2d1000 WatcherThread [stack: 0x000000001cf00000,0x000000001d000000] [id=3132]

VM state:not at safepoint (normal execution)

VM Mutex/Monitor currently owned by a thread: None

Heap:
 PSYoungGen      total 571392K, used 508064K [0x0000000780000000, 0x00000007af000000, 0x00000007c0000000)
  eden space 469504K, 96% used [0x0000000780000000,0x000000079bc57248,0x000000079ca80000)
  from space 101888K, 52% used [0x00000007a4b80000,0x00000007a7f51000,0x00000007aaf00000)
  to   space 132096K, 0% used [0x000000079ca80000,0x000000079ca80000,0x00000007a4b80000)
 ParOldGen       total 311808K, used 311677K [0x0000000700000000, 0x0000000713080000, 0x0000000780000000)
  object space 311808K, 99% used [0x0000000700000000,0x000000071305f710,0x0000000713080000)
 Metaspace       used 6828K, capacity 7384K, committed 7680K, reserved 1056768K
  class space    used 623K, capacity 656K, committed 768K, reserved 1048576K

Card table byte_map: [0x0000000012150000,0x0000000012760000] byte_map_base: 0x000000000e950000

Marking Bits: (ParMarkBitMap*) 0x0000000058ff3950
 Begin Bits: [0x0000000013360000, 0x0000000016360000)
 End Bits:   [0x0000000016360000, 0x0000000019360000)

Polling page: 0x0000000001250000

CodeCache: size=245760Kb used=12692Kb max_used=12710Kb free=233067Kb
 bounds [0x0000000002d90000, 0x0000000003a10000, 0x0000000011d90000]
 total_blobs=2952 nmethods=2677 adapters=188
 compilation: enabled

Compilation events (10 events):
Event: 8.595 Thread 0x000000001c241000 nmethod 2742 0x00000000039dc010 code [0x00000000039dc160, 0x00000000039dc358]
Event: 8.595 Thread 0x000000001c241000 2517       4       com.android.dx.ssa.InterferenceRegisterMapper::addInterfence (62 bytes)
Event: 8.620 Thread 0x000000001c247000 2824       2       com.android.dx.ssa.NormalSsaInsn::upgradeToLiteral (32 bytes)
Event: 8.620 Thread 0x000000001c247000 nmethod 2824 0x00000000039e7150 code [0x00000000039e72c0, 0x00000000039e74b8]
Event: 8.631 Thread 0x000000001c241000 nmethod 2517 0x00000000039fc4d0 code [0x00000000039fc6a0, 0x00000000039fd8d8]
Event: 8.631 Thread 0x000000001c241000 2823       4       java.util.HashMap$TreeNode::find (172 bytes)
Event: 8.634 Thread 0x000000001c247000 2825       2       com.android.dx.ssa.SsaBasicBlock::scheduleUseBeforeAssigned (389 bytes)
Event: 8.636 Thread 0x000000001c247000 nmethod 2825 0x00000000039fe610 code [0x00000000039fea80, 0x0000000003a00028]
Event: 8.664 Thread 0x000000001c241000 nmethod 2823 0x0000000003a05490 code [0x0000000003a056a0, 0x0000000003a07288]
Event: 8.664 Thread 0x000000001c241000 2491       4       com.android.dx.ssa.back.IdenticalBlockCombiner::process (323 bytes)

GC Heap History (10 events):
Event: 3.957 GC heap before
{Heap before GC invocations=13 (full 1):
 PSYoungGen      total 459776K, used 441257K [0x0000000780000000, 0x00000007a5100000, 0x00000007c0000000)
  eden space 393216K, 100% used [0x0000000780000000,0x0000000798000000,0x0000000798000000)
  from space 66560K, 72% used [0x0000000798000000,0x000000079aeea5d8,0x000000079c100000)
  to   space 71168K, 0% used [0x00000007a0b80000,0x00000007a0b80000,0x00000007a5100000)
 ParOldGen       total 169472K, used 131952K [0x0000000700000000, 0x000000070a580000, 0x0000000780000000)
  object space 169472K, 77% used [0x0000000700000000,0x00000007080dc068,0x000000070a580000)
 Metaspace       used 6813K, capacity 7384K, committed 7680K, reserved 1056768K
  class space    used 623K, capacity 656K, committed 768K, reserved 1048576K
Event: 4.035 GC heap after
Heap after GC invocations=13 (full 1):
 PSYoungGen      total 511488K, used 71159K [0x0000000780000000, 0x00000007a8780000, 0x00000007c0000000)
  eden space 440320K, 0% used [0x0000000780000000,0x0000000780000000,0x000000079ae00000)
  from space 71168K, 99% used [0x00000007a0b80000,0x00000007a50fdc18,0x00000007a5100000)
  to   space 95744K, 0% used [0x000000079ae00000,0x000000079ae00000,0x00000007a0b80000)
 ParOldGen       total 169472K, used 166214K [0x0000000700000000, 0x000000070a580000, 0x0000000780000000)
  object space 169472K, 98% used [0x0000000700000000,0x000000070a251ad8,0x000000070a580000)
 Metaspace       used 6813K, capacity 7384K, committed 7680K, reserved 1056768K
  class space    used 623K, capacity 656K, committed 768K, reserved 1048576K
}
Event: 4.035 GC heap before
{Heap before GC invocations=14 (full 2):
 PSYoungGen      total 511488K, used 71159K [0x0000000780000000, 0x00000007a8780000, 0x00000007c0000000)
  eden space 440320K, 0% used [0x0000000780000000,0x0000000780000000,0x000000079ae00000)
  from space 71168K, 99% used [0x00000007a0b80000,0x00000007a50fdc18,0x00000007a5100000)
  to   space 95744K, 0% used [0x000000079ae00000,0x000000079ae00000,0x00000007a0b80000)
 ParOldGen       total 169472K, used 166214K [0x0000000700000000, 0x000000070a580000, 0x0000000780000000)
  object space 169472K, 98% used [0x0000000700000000,0x000000070a251ad8,0x000000070a580000)
 Metaspace       used 6813K, capacity 7384K, committed 7680K, reserved 1056768K
  class space    used 623K, capacity 656K, committed 768K, reserved 1048576K
Event: 4.886 GC heap after
Heap after GC invocations=14 (full 2):
 PSYoungGen      total 511488K, used 64711K [0x0000000780000000, 0x00000007a8780000, 0x00000007c0000000)
  eden space 440320K, 0% used [0x0000000780000000,0x0000000780000000,0x000000079ae00000)
  from space 71168K, 90% used [0x00000007a0b80000,0x00000007a4ab1ce0,0x00000007a5100000)
  to   space 95744K, 0% used [0x000000079ae00000,0x000000079ae00000,0x00000007a0b80000)
 ParOldGen       total 311808K, used 169321K [0x0000000700000000, 0x0000000713080000, 0x0000000780000000)
  object space 311808K, 54% used [0x0000000700000000,0x000000070a55a638,0x0000000713080000)
 Metaspace       used 6813K, capacity 7384K, committed 7680K, reserved 1056768K
  class space    used 623K, capacity 656K, committed 768K, reserved 1048576K
}
Event: 5.555 GC heap before
{Heap before GC invocations=15 (full 2):
 PSYoungGen      total 511488K, used 505031K [0x0000000780000000, 0x00000007a8780000, 0x00000007c0000000)
  eden space 440320K, 100% used [0x0000000780000000,0x000000079ae00000,0x000000079ae00000)
  from space 71168K, 90% used [0x00000007a0b80000,0x00000007a4ab1ce0,0x00000007a5100000)
  to   space 95744K, 0% used [0x000000079ae00000,0x000000079ae00000,0x00000007a0b80000)
 ParOldGen       total 311808K, used 169321K [0x0000000700000000, 0x0000000713080000, 0x0000000780000000)
  object space 311808K, 54% used [0x0000000700000000,0x000000070a55a638,0x0000000713080000)
 Metaspace       used 6818K, capacity 7384K, committed 7680K, reserved 1056768K
  class space    used 623K, capacity 656K, committed 768K, reserved 1048576K
Event: 5.659 GC heap after
Heap after GC invocations=15 (full 2):
 PSYoungGen      total 536064K, used 67304K [0x0000000780000000, 0x00000007aaf00000, 0x00000007c0000000)
  eden space 440320K, 0% used [0x0000000780000000,0x0000000780000000,0x000000079ae00000)
  from space 95744K, 70% used [0x000000079ae00000,0x000000079efba058,0x00000007a0b80000)
  to   space 101888K, 0% used [0x00000007a4b80000,0x00000007a4b80000,0x00000007aaf00000)
 ParOldGen       total 311808K, used 234327K [0x0000000700000000, 0x0000000713080000, 0x0000000780000000)
  object space 311808K, 75% used [0x0000000700000000,0x000000070e4d5d80,0x0000000713080000)
 Metaspace       used 6818K, capacity 7384K, committed 7680K, reserved 1056768K
  class space    used 623K, capacity 656K, committed 768K, reserved 1048576K
}
Event: 6.175 GC heap before
{Heap before GC invocations=16 (full 2):
 PSYoungGen      total 536064K, used 507624K [0x0000000780000000, 0x00000007aaf00000, 0x00000007c0000000)
  eden space 440320K, 100% used [0x0000000780000000,0x000000079ae00000,0x000000079ae00000)
  from space 95744K, 70% used [0x000000079ae00000,0x000000079efba058,0x00000007a0b80000)
  to   space 101888K, 0% used [0x00000007a4b80000,0x00000007a4b80000,0x00000007aaf00000)
 ParOldGen       total 311808K, used 234327K [0x0000000700000000, 0x0000000713080000, 0x0000000780000000)
  object space 311808K, 75% used [0x0000000700000000,0x000000070e4d5d80,0x0000000713080000)
 Metaspace       used 6824K, capacity 7384K, committed 7680K, reserved 1056768K
  class space    used 623K, capacity 656K, committed 768K, reserved 1048576K
Event: 6.261 GC heap after
Heap after GC invocations=16 (full 2):
 PSYoungGen      total 571392K, used 101882K [0x0000000780000000, 0x00000007af000000, 0x00000007c0000000)
  eden space 469504K, 0% used [0x0000000780000000,0x0000000780000000,0x000000079ca80000)
  from space 101888K, 99% used [0x00000007a4b80000,0x00000007aaefe8f0,0x00000007aaf00000)
  to   space 132096K, 0% used [0x000000079ca80000,0x000000079ca80000,0x00000007a4b80000)
 ParOldGen       total 311808K, used 268332K [0x0000000700000000, 0x0000000713080000, 0x0000000780000000)
  object space 311808K, 86% used [0x0000000700000000,0x000000071060b068,0x0000000713080000)
 Metaspace       used 6824K, capacity 7384K, committed 7680K, reserved 1056768K
  class space    used 623K, capacity 656K, committed 768K, reserved 1048576K
}
Event: 6.261 GC heap before
{Heap before GC invocations=17 (full 3):
 PSYoungGen      total 571392K, used 101882K [0x0000000780000000, 0x00000007af000000, 0x00000007c0000000)
  eden space 469504K, 0% used [0x0000000780000000,0x0000000780000000,0x000000079ca80000)
  from space 101888K, 99% used [0x00000007a4b80000,0x00000007aaefe8f0,0x00000007aaf00000)
  to   space 132096K, 0% used [0x000000079ca80000,0x000000079ca80000,0x00000007a4b80000)
 ParOldGen       total 311808K, used 268332K [0x0000000700000000, 0x0000000713080000, 0x0000000780000000)
  object space 311808K, 86% used [0x0000000700000000,0x000000071060b068,0x0000000713080000)
 Metaspace       used 6824K, capacity 7384K, committed 7680K, reserved 1056768K
  class space    used 623K, capacity 656K, committed 768K, reserved 1048576K
Event: 8.058 GC heap after
Heap after GC invocations=17 (full 3):
 PSYoungGen      total 571392K, used 53060K [0x0000000780000000, 0x00000007af000000, 0x00000007c0000000)
  eden space 469504K, 0% used [0x0000000780000000,0x0000000780000000,0x000000079ca80000)
  from space 101888K, 52% used [0x00000007a4b80000,0x00000007a7f51000,0x00000007aaf00000)
  to   space 132096K, 0% used [0x000000079ca80000,0x000000079ca80000,0x00000007a4b80000)
 ParOldGen       total 311808K, used 311677K [0x0000000700000000, 0x0000000713080000, 0x0000000780000000)
  object space 311808K, 99% used [0x0000000700000000,0x000000071305f710,0x0000000713080000)
 Metaspace       used 6824K, capacity 7384K, committed 7680K, reserved 1056768K
  class space    used 623K, capacity 656K, committed 768K, reserved 1048576K
}

Deoptimization events (10 events):
Event: 8.334 Thread 0x000000001d03f800 Uncommon trap: reason=speculate_class_check action=maybe_recompile pc=0x00000000039a2574 method=com.android.dx.rop.cst.TypedConstant.getBasicType()I @ 1
Event: 8.342 Thread 0x000000001d03f800 Uncommon trap: reason=speculate_class_check action=maybe_recompile pc=0x00000000039a2574 method=com.android.dx.rop.cst.TypedConstant.getBasicType()I @ 1
Event: 8.342 Thread 0x000000001d03f800 Uncommon trap: reason=speculate_class_check action=maybe_recompile pc=0x00000000039a2574 method=com.android.dx.rop.cst.TypedConstant.getBasicType()I @ 1
Event: 8.352 Thread 0x000000001d03c000 Uncommon trap: reason=unstable_if action=reinterpret pc=0x00000000038f36ac method=com.android.dx.ssa.DeadCodeRemover.pruneDeadInstructions()V @ 49
Event: 8.352 Thread 0x000000001d03c000 Uncommon trap: reason=unstable_if action=reinterpret pc=0x000000000395c6c0 method=com.android.dx.ssa.PhiInsn.getSources()Lcom/android/dx/rop/code/RegisterSpecList; @ 19
Event: 8.580 Thread 0x000000001d03c000 Uncommon trap: reason=unstable_if action=reinterpret pc=0x00000000039f1828 method=com.android.dx.ssa.SsaBasicBlock.scheduleMovesFromPhis()V @ 63
Event: 8.611 Thread 0x000000001d03c000 Uncommon trap: reason=class_check action=maybe_recompile pc=0x00000000039e8cd8 method=java.util.HashMap$TreeNode.find(ILjava/lang/Object;Ljava/lang/Class;)Ljava/util/HashMap$TreeNode; @ 68
Event: 8.611 Thread 0x000000001d03c000 Uncommon trap: reason=class_check action=maybe_recompile pc=0x00000000039e8cd8 method=java.util.HashMap$TreeNode.find(ILjava/lang/Object;Ljava/lang/Class;)Ljava/util/HashMap$TreeNode; @ 68
Event: 8.612 Thread 0x000000001d03c000 Uncommon trap: reason=class_check action=maybe_recompile pc=0x00000000039e8cd8 method=java.util.HashMap$TreeNode.find(ILjava/lang/Object;Ljava/lang/Class;)Ljava/util/HashMap$TreeNode; @ 68
Event: 8.613 Thread 0x000000001d03c000 Uncommon trap: reason=class_check action=maybe_recompile pc=0x00000000039e8cd8 method=java.util.HashMap$TreeNode.find(ILjava/lang/Object;Ljava/lang/Class;)Ljava/util/HashMap$TreeNode; @ 68

Classes redefined (0 events):
No events

Internal exceptions (8 events):
Event: 0.026 Thread 0x0000000002c92800 Exception <a 'java/lang/NoSuchMethodError': Method sun.misc.Unsafe.defineClass(Ljava/lang/String;[BII)Ljava/lang/Class; name or signature does not match> (0x0000000780007ca8) thrown at [D:\src\AOSP-openjdk-cygwin\jdk8u\hotspot\src\share\vm\prims\jni.cpp, 
Event: 0.026 Thread 0x0000000002c92800 Exception <a 'java/lang/NoSuchMethodError': Method sun.misc.Unsafe.prefetchRead(Ljava/lang/Object;J)V name or signature does not match> (0x0000000780007f90) thrown at [D:\src\AOSP-openjdk-cygwin\jdk8u\hotspot\src\share\vm\prims\jni.cpp, line 4011]
Event: 0.696 Thread 0x0000000002c92800 Implicit null exception at 0x00000000031c3582 to 0x00000000031c3731
Event: 0.881 Thread 0x000000001d03c000 Exception <a 'java/lang/ArrayIndexOutOfBoundsException': 18> (0x00000007817467f8) thrown at [D:\src\AOSP-openjdk-cygwin\jdk8u\hotspot\src\share\vm\interpreter\interpreterRuntime.cpp, line 366]
Event: 0.881 Thread 0x000000001d03c000 Exception <a 'java/lang/ArrayIndexOutOfBoundsException': 145> (0x0000000781748378) thrown at [D:\src\AOSP-openjdk-cygwin\jdk8u\hotspot\src\share\vm\interpreter\interpreterRuntime.cpp, line 366]
Event: 0.882 Thread 0x000000001d03c000 Exception <a 'java/lang/ArrayIndexOutOfBoundsException'> (0x0000000781749660) thrown at [D:\src\AOSP-openjdk-cygwin\jdk8u\hotspot\src\share\vm\runtime\sharedRuntime.cpp, line 605]
Event: 2.028 Thread 0x000000001d03d000 Implicit null exception at 0x00000000031654a0 to 0x0000000003165494
Event: 2.961 Thread 0x0000000002c92800 Implicit null exception at 0x0000000002f019d0 to 0x0000000002f02361

Events (10 events):
Event: 8.611 Thread 0x000000001d03c000 DEOPT UNPACKING pc=0x0000000002dd556a sp=0x000000001eacda58 mode 2
Event: 8.611 Thread 0x000000001d03c000 Uncommon trap: trap_request=0xffffffde fr.pc=0x00000000039e8cd8
Event: 8.611 Thread 0x000000001d03c000 DEOPT PACKING pc=0x00000000039e8cd8 sp=0x000000001eacda90
Event: 8.611 Thread 0x000000001d03c000 DEOPT UNPACKING pc=0x0000000002dd556a sp=0x000000001eacda58 mode 2
Event: 8.612 Thread 0x000000001d03c000 Uncommon trap: trap_request=0xffffffde fr.pc=0x00000000039e8cd8
Event: 8.612 Thread 0x000000001d03c000 DEOPT PACKING pc=0x00000000039e8cd8 sp=0x000000001eace7b0
Event: 8.613 Thread 0x000000001d03c000 DEOPT UNPACKING pc=0x0000000002dd556a sp=0x000000001eace778 mode 2
Event: 8.613 Thread 0x000000001d03c000 Uncommon trap: trap_request=0xffffffde fr.pc=0x00000000039e8cd8
Event: 8.613 Thread 0x000000001d03c000 DEOPT PACKING pc=0x00000000039e8cd8 sp=0x000000001eace7b0
Event: 8.613 Thread 0x000000001d03c000 DEOPT UNPACKING pc=0x0000000002dd556a sp=0x000000001eace778 mode 2


Dynamic libraries:
0x00007ff6b4380000 - 0x00007ff6b43b1000 	C:\Program Files\Android\Android Studio\jre\bin\java.exe
0x00007ff980490000 - 0x00007ff98066b000 	C:\WINDOWS\SYSTEM32\ntdll.dll
0x00007ff97e0e0000 - 0x00007ff97e18e000 	C:\WINDOWS\System32\KERNEL32.DLL
0x00007ff97ce40000 - 0x00007ff97d089000 	C:\WINDOWS\System32\KERNELBASE.dll
0x00007ff97e190000 - 0x00007ff97e231000 	C:\WINDOWS\System32\ADVAPI32.dll
0x00007ff97e760000 - 0x00007ff97e7fd000 	C:\WINDOWS\System32\msvcrt.dll
0x00007ff97e450000 - 0x00007ff97e4a9000 	C:\WINDOWS\System32\sechost.dll
0x00007ff97e800000 - 0x00007ff97e925000 	C:\WINDOWS\System32\RPCRT4.dll
0x00007ff97e260000 - 0x00007ff97e3aa000 	C:\WINDOWS\System32\USER32.dll
0x00007ff97cbe0000 - 0x00007ff97cbfe000 	C:\WINDOWS\System32\win32u.dll
0x00007ff97d9f0000 - 0x00007ff97da17000 	C:\WINDOWS\System32\GDI32.dll
0x00007ff97cc00000 - 0x00007ff97cd87000 	C:\WINDOWS\System32\gdi32full.dll
0x00007ff97d790000 - 0x00007ff97d82a000 	C:\WINDOWS\System32\msvcp_win.dll
0x00007ff97d8f0000 - 0x00007ff97d9e6000 	C:\WINDOWS\System32\ucrtbase.dll
0x00007ff96f620000 - 0x00007ff96f887000 	C:\WINDOWS\WinSxS\amd64_microsoft.windows.common-controls_6595b64144ccf1df_6.0.15063.483_none_26002d27e7c744a2\COMCTL32.dll
0x00007ff9800a0000 - 0x00007ff980399000 	C:\WINDOWS\System32\combase.dll
0x00007ff97d880000 - 0x00007ff97d8ea000 	C:\WINDOWS\System32\bcryptPrimitives.dll
0x00007ff97da20000 - 0x00007ff97da4d000 	C:\WINDOWS\System32\IMM32.DLL
0x0000000058750000 - 0x0000000058822000 	C:\Program Files\Android\Android Studio\jre\jre\bin\msvcr100.dll
0x0000000058830000 - 0x000000005906e000 	C:\Program Files\Android\Android Studio\jre\jre\bin\server\jvm.dll
0x00007ff97e0d0000 - 0x00007ff97e0d8000 	C:\WINDOWS\System32\PSAPI.DLL
0x00007ff971070000 - 0x00007ff971079000 	C:\WINDOWS\SYSTEM32\WSOCK32.dll
0x00007ff97adc0000 - 0x00007ff97ade3000 	C:\WINDOWS\SYSTEM32\WINMM.dll
0x00007ff97dc20000 - 0x00007ff97dc8c000 	C:\WINDOWS\System32\WS2_32.dll
0x00007ff9731c0000 - 0x00007ff9731ca000 	C:\WINDOWS\SYSTEM32\VERSION.dll
0x00007ff97ad60000 - 0x00007ff97ad8b000 	C:\WINDOWS\SYSTEM32\winmmbase.dll
0x00007ff97d830000 - 0x00007ff97d879000 	C:\WINDOWS\System32\cfgmgr32.dll
0x00007ff975730000 - 0x00007ff97573f000 	C:\Program Files\Android\Android Studio\jre\jre\bin\verify.dll
0x00007ff964f10000 - 0x00007ff964f39000 	C:\Program Files\Android\Android Studio\jre\jre\bin\java.dll
0x00007ff96fc60000 - 0x00007ff96fc76000 	C:\Program Files\Android\Android Studio\jre\jre\bin\zip.dll
0x00007ff97e940000 - 0x00007ff97fd77000 	C:\WINDOWS\System32\SHELL32.dll
0x00007ff97e4b0000 - 0x00007ff97e55a000 	C:\WINDOWS\System32\shcore.dll
0x00007ff97d090000 - 0x00007ff97d781000 	C:\WINDOWS\System32\windows.storage.dll
0x00007ff980430000 - 0x00007ff980481000 	C:\WINDOWS\System32\shlwapi.dll
0x00007ff97c940000 - 0x00007ff97c951000 	C:\WINDOWS\System32\kernel.appcore.dll
0x00007ff97c960000 - 0x00007ff97c9ac000 	C:\WINDOWS\System32\powrprof.dll
0x00007ff97c900000 - 0x00007ff97c915000 	C:\WINDOWS\System32\profapi.dll

VM Arguments:
jvm_args: -Djava.awt.headless=true -Xmx3072M -Dfile.encoding=windows-1252 -Duser.country=GB -Duser.language=en -Duser.variant 
java_command: com.android.dx.command.Main --dex --num-threads=4 --multi-dex --main-dex-list D:\Documents\HealthBot\app\build\intermediates\multi-dex\debug\maindexlist.txt --output D:\Documents\HealthBot\app\build\intermediates\transforms\dex\debug\folders\1000\1f\main D:\Documents\HealthBot\app\build\intermediates\transforms\jarMerging\debug\jars\1\1f\combined.jar
java_class_path (initial): C:\Users\Syed Abbas Ali\AppData\Local\Android\Sdk\build-tools\26.0.2\lib\dx.jar
Launcher Type: SUN_STANDARD

Environment Variables:
PATH=C:\ProgramData\Oracle\Java\javapath;C:\Program Files (x86)\Intel\iCLS Client\;C:\Program Files\Intel\iCLS Client\;C:\windows\system32;C:\windows;C:\windows\System32\Wbem;C:\windows\System32\WindowsPowerShell\v1.0\;C:\WINDOWS\system32;C:\WINDOWS;C:\WINDOWS\System32\Wbem;C:\WINDOWS\System32\WindowsPowerShell\v1.0\;C:\Program Files (x86)\Intel\Intel(R) Management Engine Components\DAL;C:\Program Files\Intel\Intel(R) Management Engine Components\DAL;C:\Program Files (x86)\Intel\Intel(R) Management Engine Components\IPT;C:\Program Files\Intel\Intel(R) Management Engine Components\IPT;C:\Program Files\Git\cmd;C:\Users\Syed Abbas Ali\.dnx\bin;C:\Program Files\Microsoft DNX\Dnvm\;C:\Program Files\Microsoft SQL Server\120\Tools\Binn\;C:\Program Files\Microsoft SQL Server\130\Tools\Binn\;C:\Program Files\Microsoft SQL Server\110\DTS\Binn\;C:\Program Files (x86)\Microsoft SQL Server\110\Tools\Binn\;C:\Program Files\Microsoft SQL Server\110\Tools\Binn\;C:\Program Files (x86)\Microsoft SQL Server\110\Tools\Binn\ManagementStudio\;C:\Program Files (x86)\Microsoft Visual Studio 10.0\Common7\IDE\PrivateAssemblies\;C:\Program Files (x86)\Microsoft SQL Server\110\DTS\Binn\;C:\Program Files\OpenSSH\bin;C:\Program Files (x86)\NVIDIA Corporation\PhysX\Common;C:\Program Files\Intel\WiFi\bin\;C:\Program Files\Common Files\Intel\WirelessCommon\;C:\Users\Syed Abbas Ali\AppData\Local\Microsoft\WindowsApps;C:\Users\Syed Abbas Ali\AppData\Local\GitHubDesktop\bin
USERNAME=Syed Abbas Ali
OS=Windows_NT
PROCESSOR_IDENTIFIER=Intel64 Family 6 Model 94 Stepping 3, GenuineIntel



---------------  S Y S T E M  ---------------

OS: Windows 10.0 , 64 bit Build 15063 (10.0.15063.296)

CPU:total 8 (initial active 8) (4 cores per cpu, 2 threads per core) family 6 model 94 stepping 3, cmov, cx8, fxsr, mmx, sse, sse2, sse3, ssse3, sse4.1, sse4.2, popcnt, avx, avx2, aes, clmul, erms, rtm, 3dnowpref, lzcnt, ht, tsc, tscinvbit, bmi1, bmi2, adx

Memory: 4k page, physical 8275744k(782768k free), swap 13497776k(5056k free)

vm_info: OpenJDK 64-Bit Server VM (25.152-b01) for windows-amd64 JRE (1.8.0_152-release-915-b01), built by "builder" with MS VC++ 10.0 (VS2010)

time: Mon Dec 11 03:45:57 2017
elapsed time: 8 seconds (0d 0h 0m 8s)

